[17:17:02] [Render thread/INFO] [JMLogger] JourneyMap log initialized.
[17:17:02] [Render thread/INFO] [JourneymapClient] initialize ENTER
[17:17:02] [Render thread/INFO] [ClientAPI] [ClientAPI] built with JourneyMap API 1.9-SNAPSHOT
[17:17:02] [Render thread/INFO] [PluginHelper] Initializing plugins with Client API: journeymap.client.api.impl.ClientAPI
[17:17:02] [Render thread/INFO] [PluginHelper] Initialized IClientPlugin: com.railwayteam.railways.compat.journeymap.RailwayMapPlugin
[17:17:02] [Render thread/ERROR] [FileHandler] Couldn't locate icons for flat: C:\Users\Spotty\AppData\Roaming\gdlauncher_next\instances\Steam%20n%20Rails%20Server\mods\journeymap-1.19.2-5.9.3-forge.jar\assets\journeymap\theme\flat
[17:17:02] [Render thread/INFO] [PropertiesBase] core (FirstLoaded) Setting config file to version "5.9.3": journeymap.core.config
[17:17:02] [Render thread/INFO] [PropertiesBase] core (Valid) Creating config file: ..\..\instances\Steam n Rails Server\journeymap\config\5.9\journeymap.core.config
[17:17:02] [Render thread/INFO] [PropertiesBase] fullmap (FirstLoaded) Setting config file to version "5.9.3": journeymap.fullmap.config
[17:17:02] [Render thread/INFO] [PropertiesBase] fullmap (Valid) Creating config file: ..\..\instances\Steam n Rails Server\journeymap\config\5.9\journeymap.fullmap.config
[17:17:02] [Render thread/INFO] [PropertiesBase] minimap (Initialized) Setting config file to version "5.9.3": journeymap.minimap.config
[17:17:02] [Render thread/INFO] [PropertiesBase] minimap (Valid) Creating config file: ..\..\instances\Steam n Rails Server\journeymap\config\5.9\journeymap.minimap.config
[17:17:02] [Render thread/INFO] [PropertiesBase] minimap2 (FirstLoaded) Setting config file to version "5.9.3": journeymap.minimap2.config
[17:17:02] [Render thread/INFO] [PropertiesBase] minimap2 (Valid) Creating config file: ..\..\instances\Steam n Rails Server\journeymap\config\5.9\journeymap.minimap2.config
[17:17:02] [Render thread/INFO] [PropertiesBase] topo (FirstLoaded) Setting config file to version "5.9.3": journeymap.topo.config
[17:17:02] [Render thread/INFO] [PropertiesBase] topo (Valid) Creating config file: ..\..\instances\Steam n Rails Server\journeymap\config\5.9\journeymap.topo.config
[17:17:02] [Render thread/INFO] [PropertiesBase] webmap (FirstLoaded) Setting config file to version "5.9.3": journeymap.webmap.config
[17:17:02] [Render thread/INFO] [PropertiesBase] webmap (Valid) Creating config file: ..\..\instances\Steam n Rails Server\journeymap\config\5.9\journeymap.webmap.config
[17:17:02] [Render thread/INFO] [PropertiesBase] waypoint (FirstLoaded) Setting config file to version "5.9.3": journeymap.waypoint.config
[17:17:02] [Render thread/INFO] [PropertiesBase] waypoint (Valid) Creating config file: ..\..\instances\Steam n Rails Server\journeymap\config\5.9\journeymap.waypoint.config
[17:17:02] [Render thread/INFO] [?] Version: JourneyMap 1.19.2-5.9.3, built with forge 1.19.2-43.1.52
forge: 43.2.4
Environment: os.name, os.arch, java.version, user.country, user.language=null, game language=en_us, locale=en_us
Features: 
	RadarPlayers : singleplayer = true , multiplayer = true
	RadarAnimals : singleplayer = true , multiplayer = true
	RadarMobs : singleplayer = true , multiplayer = true
	RadarVillagers : singleplayer = true , multiplayer = true
	MapTopo : singleplayer = true , multiplayer = true
	MapSurface : singleplayer = true , multiplayer = true
	MapCaves : singleplayer = true , multiplayer = true
	MapBiome : singleplayer = true , multiplayer = true
MiniMapProperties{state=SavedOk, file=journeymap.minimap.config, configVersion=5.9.3, zoomLevel=0, compassFontScale=1.0, terrainAlpha=100, showEntityNames=true, positionX=0.9, positionY=0.25, effectVertical=false, showPlayerHeading=true, sizePercent=30, playerDisplayScale=1.0, showDayNight=true, showPets=true, preferredMapType=day, showCompass=true, mobDisplay=jm.common.entity_display.dots, systemTimeRealFormat=HH:mm:ss, shape=jm.minimap.shape_circle, showSelf=true, selfDisplayScale=1.0, showGrid=true, reticleOrientation=jm.minimap.orientation.compass, gameTimeRealFormat=HH:mm:ss, effectTranslateX=0, showWaypoints=true, minimapKeyMovementSpeed=0.001, showAnimals=true, infoSlotAlpha=0.7, effectTranslateY=0, showWaypointLabels=true, moveEffectIcons=true, position=jm.minimap.position_topright, fontScale=1.0, showPlayers=true, waypointIconScale=1.0, frameAlpha=100, effectReversed=false, backgroundAlpha=0.8, enabled=true, showVillagers=true, info2Label=jm.theme.labelsource.gametime, info3Label=jm.theme.labelsource.location, showMobs=true, waypointLabelScale=1.0, showReticle=true, orientation=jm.minimap.orientation.north, info4Label=jm.theme.labelsource.biome, locationFormat=xzyv, playerDisplay=jm.common.entity_display.dots, mobDisplayScale=1.0, showCaves=true, showMobHeading=true, locationFormatVerbose=true, info1Label=jm.theme.labelsource.blank}
MiniMapProperties{state=SavedOk, file=journeymap.minimap2.config, configVersion=5.9.3, zoomLevel=0, compassFontScale=1.0, terrainAlpha=100, showEntityNames=true, positionX=0.9, positionY=0.25, effectVertical=false, showPlayerHeading=true, sizePercent=30, playerDisplayScale=1.0, showDayNight=true, showPets=true, preferredMapType=day, showCompass=true, mobDisplay=jm.common.entity_display.dots, systemTimeRealFormat=HH:mm:ss, shape=jm.minimap.shape_rectangle, showSelf=true, selfDisplayScale=1.0, showGrid=true, reticleOrientation=jm.minimap.orientation.compass, gameTimeRealFormat=HH:mm:ss, effectTranslateX=0, showWaypoints=true, minimapKeyMovementSpeed=0.001, showAnimals=true, infoSlotAlpha=0.7, effectTranslateY=0, showWaypointLabels=true, moveEffectIcons=true, position=jm.minimap.position_topright, fontScale=1.0, showPlayers=true, waypointIconScale=1.0, frameAlpha=100, effectReversed=false, backgroundAlpha=0.8, enabled=true, showVillagers=true, info2Label=jm.theme.labelsource.gametime, info3Label=jm.theme.labelsource.location, showMobs=true, waypointLabelScale=1.0, showReticle=true, orientation=jm.minimap.orientation.north, info4Label=jm.theme.labelsource.biome, locationFormat=xzyv, playerDisplay=jm.common.entity_display.dots, mobDisplayScale=1.0, showCaves=true, showMobHeading=true, locationFormatVerbose=true, info1Label=jm.theme.labelsource.blank}
FullMapProperties{state=SavedOk, file=journeymap.fullmap.config, configVersion=5.9.3, zoomLevel=0, showPlayers=true, waypointIconScale=1.0, showEntityNames=true, showPlayerHeading=true, showVillagers=true, showPlayerLoc=true, showKeys=true, playerDisplayScale=1.0, showMobs=true, showPets=true, waypointLabelScale=1.0, preferredMapType=day, mobDisplay=jm.common.entity_display.dots, showSelf=true, locationFormat=xzyv, playerDisplay=jm.common.entity_display.dots, mobDisplayScale=1.0, selfDisplayScale=1.0, showGrid=true, showMouseLoc=true, showWaypoints=true, showCaves=true, showAnimals=true, dragScale=1, showMobHeading=true, showWaypointLabels=true, locationFormatVerbose=true, fontScale=1.0}
WaypointProperties{state=SavedOk, file=journeymap.waypoint.config, configVersion=5.9.3, autoRemoveDeathpointDistance=2, dateFormat=MM-dd-yyyy, autoRemoveDeathpoints=false, fullscreenDoubleClickToCreate=true, managerDimensionFocus=false, minDistance=4, boldLabel=false, textureSmall=true, showDeathpointlabel=true, beaconEnabled=true, createDeathpoints=true, showName=true, disableStrikeThrough=false, maxDistance=0, autoHideLabel=true, autoRemoveTempWaypoints=2, teleportCommand=/tp {name} {x} {y} {z}, showStaticBeam=true, shaderBeacon=false, timeFormat=HH:mm:ss, showDeviationLabel=false, showDistance=true, showRotatingBeam=true, fontScale=2.0, showTexture=true, managerEnabled=true}
WebMapProperties{state=SavedOk, file=journeymap.webmap.config, configVersion=5.9.3, port=8080, enabled=false}
CoreProperties{state=SavedOk, file=journeymap.core.config, configVersion=5.9.3, verboseColorPalette=false, maxPlayersData=32, mapSurfaceAboveCaves=true, dataCachingEnabled=true, optionsManagerViewed=null, announceMod=true, colorPassive=#bbbbbb, mapBlendWater=false, renderDistanceSurfaceMax=0, seedId=false, radarVerticalDistance=16, mapBlendGrass=true, recordCacheStats=false, hideSneakingEntities=true, revealShape=jm.minimap.shape_circle, mapBiome=true, alwaysMapSurface=false, colorVillager=#88e188, mapPlants=false, colorPet=#0077ff, radarLateralDistance=64, mapBathymetry=false, mapCrops=true, maxMobsData=32, mapPlantShadows=false, alwaysMapCaves=false, checkUpdates=true, mapBlendFoliage=true, hideSpectators=false, mappingEnabled=true, colorPlayer=#ffffff, tileHighDisplayQuality=true, cacheVillagersData=2200, logLevel=INFO, maxVillagersData=32, mapWaterBiomeColors=false, maxAnimalsData=32, mapTransparency=true, caveBlackAsClear=false, tileRenderType=1, caveIgnoreGlass=true, mapTopography=true, renderDistanceCaveMax=0, mapAntialiasing=true, colorSelf=#0000ff, cachePlayersData=2000, cacheMobsData=3000, cachePlayerData=1000, splashViewed=null, colorHostile=#ff0000, cacheAnimalsData=3100, themeName=OceanMonument, mapCaveLighting=true, renderDelay=2, glErrorChecking=false, autoMapPoll=2000}
[17:17:02] [Render thread/INFO] [JourneymapClient] initialize EXIT, elapsed count 1 avg 184.49ms
[17:17:10] [Render thread/INFO] [JourneymapClient] Journeymap PostInit
[17:17:10] [Render thread/ERROR] [FileHandler] Couldn't locate icons for flat: C:\Users\Spotty\AppData\Roaming\gdlauncher_next\instances\Steam%20n%20Rails%20Server\mods\journeymap-1.19.2-5.9.3-forge.jar\assets\journeymap\theme\flat
[17:17:10] [Render thread/INFO] [ThemeLoader] Preloaded theme textures: 0
[17:17:10] [Render thread/INFO] [JourneymapClient] postInitialize EXIT, elapsed count 1 avg 16.35ms
[17:17:32] [Netty Client IO #0/INFO] [ForgeConfig] Loading JourneyMap Forge Configs
[17:17:38] [Render thread/INFO] [JourneymapClient] World UID is set to: fa8c4c3f-d505-4200-833e-4badb4e60751
[17:17:40] [Render thread/WARN] [PropertiesBase] core (Initialized) Bad configField entry during updateFrom(): optionsManagerViewed=null
[17:17:40] [Render thread/WARN] [PropertiesBase] core (Initialized) Bad configField entry during updateFrom(): splashViewed=null
[17:17:40] [Render thread/INFO] [ModBlockDelegate] Custom modded block handling enabled for create
[17:17:40] [Render thread/INFO] [WaypointStore] Loaded 0 waypoints from ..\..\instances\Steam n Rails Server\journeymap\data\mp\Minecraft~Server_fa8c4c3f~d505~4200~833e~4badb4e60751\waypoints
[17:17:40] [Render thread/INFO] [JourneymapClient] Mapping started in ..\..\instances\Steam n Rails Server\journeymap\data\mp\Minecraft~Server_fa8c4c3f~d505~4200~833e~4badb4e60751\overworld. Memory: 2212MB total, 421MB free 
[17:17:48] [Render thread/INFO] [ChatLog] JourneyMap: Press [J]
[17:17:49] [Render thread/INFO] [JourneymapClient] Mapping halted in ..\..\instances\Steam n Rails Server\journeymap\data\mp\Minecraft~Server_fa8c4c3f~d505~4200~833e~4badb4e60751\minecraft:overworld
